<?xml version="1.0" encoding="UTF-8"?>
<testng-results ignored="0" total="1" passed="1" failed="0" skipped="0">
  <reporter-output>
  </reporter-output>
  <suite started-at="2022-07-17T01:30:59 IST" name="Default suite" finished-at="2022-07-17T01:31:42 IST" duration-ms="43187">
    <groups>
    </groups>
    <test started-at="2022-07-17T01:30:59 IST" name="Default test" finished-at="2022-07-17T01:31:42 IST" duration-ms="43187">
      <class name="Example.Newtest">
        <test-method is-config="true" signature="beforeTest()[pri:0, instance:Example.Newtest@4d0d9fe7]" started-at="2022-07-17T01:30:59 IST" name="beforeTest" finished-at="2022-07-17T01:31:00 IST" duration-ms="1349" status="PASS">
          <reporter-output>
          </reporter-output>
        </test-method> <!-- beforeTest -->
        <test-method signature="testEasy()[pri:0, instance:Example.Newtest@4d0d9fe7]" started-at="2022-07-17T01:31:00 IST" name="testEasy" finished-at="2022-07-17T01:31:41 IST" duration-ms="41212" status="PASS">
          <reporter-output>
          </reporter-output>
        </test-method> <!-- testEasy -->
        <test-method is-config="true" signature="afterTest()[pri:0, instance:Example.Newtest@4d0d9fe7]" started-at="2022-07-17T01:31:41 IST" name="afterTest" finished-at="2022-07-17T01:31:42 IST" duration-ms="602" status="PASS">
          <reporter-output>
          </reporter-output>
        </test-method> <!-- afterTest -->
      </class> <!-- Example.Newtest -->
    </test> <!-- Default test -->
  </suite> <!-- Default suite -->
</testng-results>
